
Microsoft (R) Program Maintenance Utility Version 8.00.50727.762
Copyright (C) Microsoft Corporation.  All rights reserved.

	if not exist obj\rotor_x86 md obj\rotor_x86
cl -nologo  /Tc  -Ii386\ -I. -I..\..\clr\src\inc -ID:\_NTROOT\depot\Lab01_n\not_present\OAK_INC_PATH -ID:\_NTROOT\depot\Lab01_n\pal\inc -ID:\_NTROOT\depot\Lab01_n\palrt\inc -Di386 -D_X86_  -DSTD_CALL -DCONDITION_HANDLING=1 -DNT_UP=1  -DNT_INST=0 -DWIN32=100 -D_NT1X_=100 -DWINNT=1 -D_WIN32_WINNT=0x0400 -DWINVER=0x0400 -D_WIN32_IE=0x0400    -DWIN32_LEAN_AND_MEAN=1 -DDEVL=1 -DFPO=0    -DNDEBUG -D_DLL=1 -D_MT=1 -DFEATURE_PAL -DPAL_PORTABLE_SEH -DGC_SMP -DFJITONLY -DNTMAKEENV -DNDEBUG -DDBG=0 -DFX_VFT=VFT_APP -DFX_VER_INTERNALNAME_STR=build.exe -DOFFICIAL_BUILD=0 -DBETA=0 -DFX_VER_PRIVATEBUILD_STR=SPHINXLOGIC -DURTBLDENV_FRIENDLY=Free -DFX_BRANCH_SYNC_COUNTER_VALUE=0    /c /GS /Zp8 /Gy /W3 /WX /Gz   /Gm- /EHs-c-  /GR- /GF  -Z7 /O1 /Oy-    /WX /FID:\_NTROOT\depot\Lab01_n\clr\src\inc\WarningControl.h /Yubuild.h /Fpobj\rotor_x86\build.pch /Ylbuild /Ycbuild.h /Fpobj\rotor_x86\build.pch /Fo"D:\_NTROOT\depot\Lab01_n\tools\build\obj\rotor_x86\buildpch.obj"

#include "build.h"

pch_hdr.src
	if not exist obj\rotor_x86 md obj\rotor_x86
cl -nologo -Ii386\ -I. -I..\..\clr\src\inc -ID:\_NTROOT\depot\Lab01_n\not_present\OAK_INC_PATH -ID:\_NTROOT\depot\Lab01_n\pal\inc -ID:\_NTROOT\depot\Lab01_n\palrt\inc -Di386 -D_X86_  -DSTD_CALL -DCONDITION_HANDLING=1 -DNT_UP=1  -DNT_INST=0 -DWIN32=100 -D_NT1X_=100 -DWINNT=1 -D_WIN32_WINNT=0x0400 -DWINVER=0x0400 -D_WIN32_IE=0x0400    -DWIN32_LEAN_AND_MEAN=1 -DDEVL=1 -DFPO=0    -DNDEBUG -D_DLL=1 -D_MT=1 -DFEATURE_PAL -DPAL_PORTABLE_SEH -DGC_SMP -DFJITONLY -DNTMAKEENV -DNDEBUG -DDBG=0 -DFX_VFT=VFT_APP -DFX_VER_INTERNALNAME_STR=build.exe -DOFFICIAL_BUILD=0 -DBETA=0 -DFX_VER_PRIVATEBUILD_STR=SPHINXLOGIC -DURTBLDENV_FRIENDLY=Free -DFX_BRANCH_SYNC_COUNTER_VALUE=0    /c /GS /Zp8 /Gy /W3 /WX /Gz   /Gm- /EHs-c-  /GR- /GF  -Z7 /O1 /Oy-    /WX /FID:\_NTROOT\depot\Lab01_n\clr\src\inc\WarningControl.h /Yubuild.h /Fpobj\rotor_x86\build.pch .\build.c
build.c
	if not exist obj\rotor_x86 md obj\rotor_x86
cl -nologo -Ii386\ -I. -I..\..\clr\src\inc -ID:\_NTROOT\depot\Lab01_n\not_present\OAK_INC_PATH -ID:\_NTROOT\depot\Lab01_n\pal\inc -ID:\_NTROOT\depot\Lab01_n\palrt\inc -Di386 -D_X86_  -DSTD_CALL -DCONDITION_HANDLING=1 -DNT_UP=1  -DNT_INST=0 -DWIN32=100 -D_NT1X_=100 -DWINNT=1 -D_WIN32_WINNT=0x0400 -DWINVER=0x0400 -D_WIN32_IE=0x0400    -DWIN32_LEAN_AND_MEAN=1 -DDEVL=1 -DFPO=0    -DNDEBUG -D_DLL=1 -D_MT=1 -DFEATURE_PAL -DPAL_PORTABLE_SEH -DGC_SMP -DFJITONLY -DNTMAKEENV -DNDEBUG -DDBG=0 -DFX_VFT=VFT_APP -DFX_VER_INTERNALNAME_STR=build.exe -DOFFICIAL_BUILD=0 -DBETA=0 -DFX_VER_PRIVATEBUILD_STR=SPHINXLOGIC -DURTBLDENV_FRIENDLY=Free -DFX_BRANCH_SYNC_COUNTER_VALUE=0    /c /GS /Zp8 /Gy /W3 /WX /Gz   /Gm- /EHs-c-  /GR- /GF  -Z7 /O1 /Oy-    /WX /FID:\_NTROOT\depot\Lab01_n\clr\src\inc\WarningControl.h /Yubuild.h /Fpobj\rotor_x86\build.pch .\builddb.c
builddb.c
	if not exist obj\rotor_x86 md obj\rotor_x86
cl -nologo -Ii386\ -I. -I..\..\clr\src\inc -ID:\_NTROOT\depot\Lab01_n\not_present\OAK_INC_PATH -ID:\_NTROOT\depot\Lab01_n\pal\inc -ID:\_NTROOT\depot\Lab01_n\palrt\inc -Di386 -D_X86_  -DSTD_CALL -DCONDITION_HANDLING=1 -DNT_UP=1  -DNT_INST=0 -DWIN32=100 -D_NT1X_=100 -DWINNT=1 -D_WIN32_WINNT=0x0400 -DWINVER=0x0400 -D_WIN32_IE=0x0400    -DWIN32_LEAN_AND_MEAN=1 -DDEVL=1 -DFPO=0    -DNDEBUG -D_DLL=1 -D_MT=1 -DFEATURE_PAL -DPAL_PORTABLE_SEH -DGC_SMP -DFJITONLY -DNTMAKEENV -DNDEBUG -DDBG=0 -DFX_VFT=VFT_APP -DFX_VER_INTERNALNAME_STR=build.exe -DOFFICIAL_BUILD=0 -DBETA=0 -DFX_VER_PRIVATEBUILD_STR=SPHINXLOGIC -DURTBLDENV_FRIENDLY=Free -DFX_BRANCH_SYNC_COUNTER_VALUE=0    /c /GS /Zp8 /Gy /W3 /WX /Gz   /Gm- /EHs-c-  /GR- /GF  -Z7 /O1 /Oy-    /WX /FID:\_NTROOT\depot\Lab01_n\clr\src\inc\WarningControl.h /Yubuild.h /Fpobj\rotor_x86\build.pch .\buildexe.c
buildexe.c
	if not exist obj\rotor_x86 md obj\rotor_x86
cl -nologo -Ii386\ -I. -I..\..\clr\src\inc -ID:\_NTROOT\depot\Lab01_n\not_present\OAK_INC_PATH -ID:\_NTROOT\depot\Lab01_n\pal\inc -ID:\_NTROOT\depot\Lab01_n\palrt\inc -Di386 -D_X86_  -DSTD_CALL -DCONDITION_HANDLING=1 -DNT_UP=1  -DNT_INST=0 -DWIN32=100 -D_NT1X_=100 -DWINNT=1 -D_WIN32_WINNT=0x0400 -DWINVER=0x0400 -D_WIN32_IE=0x0400    -DWIN32_LEAN_AND_MEAN=1 -DDEVL=1 -DFPO=0    -DNDEBUG -D_DLL=1 -D_MT=1 -DFEATURE_PAL -DPAL_PORTABLE_SEH -DGC_SMP -DFJITONLY -DNTMAKEENV -DNDEBUG -DDBG=0 -DFX_VFT=VFT_APP -DFX_VER_INTERNALNAME_STR=build.exe -DOFFICIAL_BUILD=0 -DBETA=0 -DFX_VER_PRIVATEBUILD_STR=SPHINXLOGIC -DURTBLDENV_FRIENDLY=Free -DFX_BRANCH_SYNC_COUNTER_VALUE=0    /c /GS /Zp8 /Gy /W3 /WX /Gz   /Gm- /EHs-c-  /GR- /GF  -Z7 /O1 /Oy-    /WX /FID:\_NTROOT\depot\Lab01_n\clr\src\inc\WarningControl.h /Yubuild.h /Fpobj\rotor_x86\build.pch .\buildmak.c
buildmak.c
	if not exist obj\rotor_x86 md obj\rotor_x86
cl -nologo -Ii386\ -I. -I..\..\clr\src\inc -ID:\_NTROOT\depot\Lab01_n\not_present\OAK_INC_PATH -ID:\_NTROOT\depot\Lab01_n\pal\inc -ID:\_NTROOT\depot\Lab01_n\palrt\inc -Di386 -D_X86_  -DSTD_CALL -DCONDITION_HANDLING=1 -DNT_UP=1  -DNT_INST=0 -DWIN32=100 -D_NT1X_=100 -DWINNT=1 -D_WIN32_WINNT=0x0400 -DWINVER=0x0400 -D_WIN32_IE=0x0400    -DWIN32_LEAN_AND_MEAN=1 -DDEVL=1 -DFPO=0    -DNDEBUG -D_DLL=1 -D_MT=1 -DFEATURE_PAL -DPAL_PORTABLE_SEH -DGC_SMP -DFJITONLY -DNTMAKEENV -DNDEBUG -DDBG=0 -DFX_VFT=VFT_APP -DFX_VER_INTERNALNAME_STR=build.exe -DOFFICIAL_BUILD=0 -DBETA=0 -DFX_VER_PRIVATEBUILD_STR=SPHINXLOGIC -DURTBLDENV_FRIENDLY=Free -DFX_BRANCH_SYNC_COUNTER_VALUE=0    /c /GS /Zp8 /Gy /W3 /WX /Gz   /Gm- /EHs-c-  /GR- /GF  -Z7 /O1 /Oy-    /WX /FID:\_NTROOT\depot\Lab01_n\clr\src\inc\WarningControl.h /Yubuild.h /Fpobj\rotor_x86\build.pch .\buildscn.c
buildscn.c
	if not exist obj\rotor_x86 md obj\rotor_x86
cl -nologo -Ii386\ -I. -I..\..\clr\src\inc -ID:\_NTROOT\depot\Lab01_n\not_present\OAK_INC_PATH -ID:\_NTROOT\depot\Lab01_n\pal\inc -ID:\_NTROOT\depot\Lab01_n\palrt\inc -Di386 -D_X86_  -DSTD_CALL -DCONDITION_HANDLING=1 -DNT_UP=1  -DNT_INST=0 -DWIN32=100 -D_NT1X_=100 -DWINNT=1 -D_WIN32_WINNT=0x0400 -DWINVER=0x0400 -D_WIN32_IE=0x0400    -DWIN32_LEAN_AND_MEAN=1 -DDEVL=1 -DFPO=0    -DNDEBUG -D_DLL=1 -D_MT=1 -DFEATURE_PAL -DPAL_PORTABLE_SEH -DGC_SMP -DFJITONLY -DNTMAKEENV -DNDEBUG -DDBG=0 -DFX_VFT=VFT_APP -DFX_VER_INTERNALNAME_STR=build.exe -DOFFICIAL_BUILD=0 -DBETA=0 -DFX_VER_PRIVATEBUILD_STR=SPHINXLOGIC -DURTBLDENV_FRIENDLY=Free -DFX_BRANCH_SYNC_COUNTER_VALUE=0    /c /GS /Zp8 /Gy /W3 /WX /Gz   /Gm- /EHs-c-  /GR- /GF  -Z7 /O1 /Oy-    /WX /FID:\_NTROOT\depot\Lab01_n\clr\src\inc\WarningControl.h /Yubuild.h /Fpobj\rotor_x86\build.pch .\buildsrc.c
buildsrc.c
	if not exist obj\rotor_x86 md obj\rotor_x86
cl -nologo -Ii386\ -I. -I..\..\clr\src\inc -ID:\_NTROOT\depot\Lab01_n\not_present\OAK_INC_PATH -ID:\_NTROOT\depot\Lab01_n\pal\inc -ID:\_NTROOT\depot\Lab01_n\palrt\inc -Di386 -D_X86_  -DSTD_CALL -DCONDITION_HANDLING=1 -DNT_UP=1  -DNT_INST=0 -DWIN32=100 -D_NT1X_=100 -DWINNT=1 -D_WIN32_WINNT=0x0400 -DWINVER=0x0400 -D_WIN32_IE=0x0400    -DWIN32_LEAN_AND_MEAN=1 -DDEVL=1 -DFPO=0    -DNDEBUG -D_DLL=1 -D_MT=1 -DFEATURE_PAL -DPAL_PORTABLE_SEH -DGC_SMP -DFJITONLY -DNTMAKEENV -DNDEBUG -DDBG=0 -DFX_VFT=VFT_APP -DFX_VER_INTERNALNAME_STR=build.exe -DOFFICIAL_BUILD=0 -DBETA=0 -DFX_VER_PRIVATEBUILD_STR=SPHINXLOGIC -DURTBLDENV_FRIENDLY=Free -DFX_BRANCH_SYNC_COUNTER_VALUE=0    /c /GS /Zp8 /Gy /W3 /WX /Gz   /Gm- /EHs-c-  /GR- /GF  -Z7 /O1 /Oy-    /WX /FID:\_NTROOT\depot\Lab01_n\clr\src\inc\WarningControl.h /Yubuild.h /Fpobj\rotor_x86\build.pch .\buildutl.c
buildutl.c
	if not exist obj\rotor_x86 md obj\rotor_x86
cl -nologo -Ii386\ -I. -I..\..\clr\src\inc -ID:\_NTROOT\depot\Lab01_n\not_present\OAK_INC_PATH -ID:\_NTROOT\depot\Lab01_n\pal\inc -ID:\_NTROOT\depot\Lab01_n\palrt\inc -Di386 -D_X86_  -DSTD_CALL -DCONDITION_HANDLING=1 -DNT_UP=1  -DNT_INST=0 -DWIN32=100 -D_NT1X_=100 -DWINNT=1 -D_WIN32_WINNT=0x0400 -DWINVER=0x0400 -D_WIN32_IE=0x0400    -DWIN32_LEAN_AND_MEAN=1 -DDEVL=1 -DFPO=0    -DNDEBUG -D_DLL=1 -D_MT=1 -DFEATURE_PAL -DPAL_PORTABLE_SEH -DGC_SMP -DFJITONLY -DNTMAKEENV -DNDEBUG -DDBG=0 -DFX_VFT=VFT_APP -DFX_VER_INTERNALNAME_STR=build.exe -DOFFICIAL_BUILD=0 -DBETA=0 -DFX_VER_PRIVATEBUILD_STR=SPHINXLOGIC -DURTBLDENV_FRIENDLY=Free -DFX_BRANCH_SYNC_COUNTER_VALUE=0    /c /GS /Zp8 /Gy /W3 /WX /Gz   /Gm- /EHs-c-  /GR- /GF  -Z7 /O1 /Oy-    /WX /FID:\_NTROOT\depot\Lab01_n\clr\src\inc\WarningControl.h /Yubuild.h /Fpobj\rotor_x86\build.pch .\buildinc.c
buildinc.c
	link -out:obj\rotor_x86\build.exe -machine:i386 @C:\Users\JONATH~1\AppData\Local\Temp\nm4022.tmp
Microsoft (R) Incremental Linker Version 8.00.50727.762
Copyright (C) Microsoft Corporation.  All rights reserved.

/SAFESEH:NO 
-STACK:0x180000,0x2000 
-MERGE:_PAGE=PAGE 
-MERGE:_TEXT=.text 
-SECTION:INIT,d 
-OPT:REF 
-OPT:ICF 
-INCREMENTAL:NO 
-FULLBUILD 
-FORCE:MULTIPLE 
/release 
-IGNORE:4001,4037,4039,4065,4070,4078,4087,4089,4198,4221 
-NODEFAULTLIB 
-debug 
-version:5.00 
-osversion:5.00 
-MERGE:.rdata=.text 
-subsystem:console,4.00 
-base:@D:\_NTROOT\depot\Lab01_n\env\rotor_x86\coffbase.txt,usermode 
-entry:mainCRTStartup 
obj\rotor_x86\buildpch.obj 
obj\rotor_x86\build.obj 
obj\rotor_x86\builddb.obj 
obj\rotor_x86\buildexe.obj 
obj\rotor_x86\buildmak.obj 
obj\rotor_x86\buildscn.obj 
obj\rotor_x86\buildsrc.obj 
obj\rotor_x86\buildutl.obj 
obj\rotor_x86\buildinc.obj 
D:\_NTROOT\depot\Lab01_n\binaries.x86fre.rotor\sdk\pal\lib\fre\rotor_x86\rotor_pal.lib 
C:\PROGRA~2\MICROS~2\VC\lib\msvcrt.lib 
Copying obj\rotor_x86\build.exe to D:\_NTROOT\depot\Lab01_n\binaries.x86fre.rotor
        1 file(s) copied.
        1 file(s) copied.
Copying D:\_NTROOT\depot\Lab01_n\tools\build\obj\rotor_x86\build.pdb to D:\_NTROOT\depot\Lab01_n\binaries.x86fre.rotor\Symbols\Exe
        1 file(s) copied.
