
Microsoft (R) Program Maintenance Utility Version 8.00.50727.762
Copyright (C) Microsoft Corporation.  All rights reserved.

	if not exist D:\_NTROOT\depot\Lab01_n\binaries.x86fre.rotor\sdk\pal\inc mkdir D:\_NTROOT\depot\Lab01_n\binaries.x86fre.rotor\sdk\pal\inc
	copy D:\_NTROOT\depot\Lab01_n\pal\inc\rotor_pal.h D:\_NTROOT\depot\Lab01_n\binaries.x86fre.rotor\sdk\pal\inc
        1 file(s) copied.

Microsoft (R) Program Maintenance Utility Version 8.00.50727.762
Copyright (C) Microsoft Corporation.  All rights reserved.

    rc -l 409 -z "MS Sans Serif,Helv/MS Shell Dlg"  -r -fo obj\rotor_x86\rotor_pal.tmp -Di386 -D_X86_  -DSTD_CALL -DCONDITION_HANDLING=1 -DNT_UP=1  -DNT_INST=0 -DWIN32=100 -D_NT1X_=100 -DWINNT=1 -D_WIN32_WINNT=0x0500 -DWINVER=0x0500 -D_WIN32_IE=0x0400    -DWIN32_LEAN_AND_MEAN=1 -DDEVL=1 -DFPO=0    -DNDEBUG -D_DLL=1 -D_MT=1 -DFEATURE_PAL -DPAL_PORTABLE_SEH -DGC_SMP -DFJITONLY -DNTMAKEENV -DNDEBUG /DPAL_IMPLEMENTATION=1 -DFX_VFT=VFT_DLL -DFX_VER_INTERNALNAME_STR=rotor_pal.dll -DOFFICIAL_BUILD=0 -DBETA=0 -DFX_VER_PRIVATEBUILD_STR=SPHINXLOGIC -DURTBLDENV_FRIENDLY=Free -DFX_BRANCH_SYNC_COUNTER_VALUE=0  -I.. -I. -ID:\_NTROOT\depot\Lab01_n\inc\version -IC:\PROGRA~2\MICROS~2\VC\PlatformSDK\include -IC:\PROGRA~2\MICROS~2\VC\Include -ID:\_NTROOT\depot\Lab01_n\not_present\OAK_INC_PATH -ID:\_NTROOT\depot\Lab01_n\pal\inc -ID:\_NTROOT\depot\Lab01_n\palrt\inc .\rotor_pal.rc
	if not exist obj\rotor_x86 md obj\rotor_x86
cl -nologo -Ii386\ -I. -I.. -I. -ID:\_NTROOT\depot\Lab01_n\inc\version -IC:\PROGRA~2\MICROS~2\VC\PlatformSDK\include -IC:\PROGRA~2\MICROS~2\VC\Include -ID:\_NTROOT\depot\Lab01_n\not_present\OAK_INC_PATH -ID:\_NTROOT\depot\Lab01_n\pal\inc -ID:\_NTROOT\depot\Lab01_n\palrt\inc -Di386 -D_X86_  -DSTD_CALL -DCONDITION_HANDLING=1 -DNT_UP=1  -DNT_INST=0 -DWIN32=100 -D_NT1X_=100 -DWINNT=1 -D_WIN32_WINNT=0x0500 -DWINVER=0x0500 -D_WIN32_IE=0x0400    -DWIN32_LEAN_AND_MEAN=1 -DDEVL=1 -DFPO=0    -DNDEBUG -D_DLL=1 -D_MT=1 -DFEATURE_PAL -DPAL_PORTABLE_SEH -DGC_SMP -DFJITONLY -DNTMAKEENV -DNDEBUG /DPAL_IMPLEMENTATION=1 -DFX_VFT=VFT_DLL -DFX_VER_INTERNALNAME_STR=rotor_pal.dll -DOFFICIAL_BUILD=0 -DBETA=0 -DFX_VER_PRIVATEBUILD_STR=SPHINXLOGIC -DURTBLDENV_FRIENDLY=Free -DFX_BRANCH_SYNC_COUNTER_VALUE=0    /c /GS /Zp8 /Gy /W3 /WX /Gz   /Gm- /EHs-c-  /GR- /GF  -Z7 /O1 /Oy-    /WX /FID:\_NTROOT\depot\Lab01_n\clr\src\inc\WarningControl.h  .\exception.c
exception.c
	if not exist obj\rotor_x86 md obj\rotor_x86
cl -nologo -Ii386\ -I. -I.. -I. -ID:\_NTROOT\depot\Lab01_n\inc\version -IC:\PROGRA~2\MICROS~2\VC\PlatformSDK\include -IC:\PROGRA~2\MICROS~2\VC\Include -ID:\_NTROOT\depot\Lab01_n\not_present\OAK_INC_PATH -ID:\_NTROOT\depot\Lab01_n\pal\inc -ID:\_NTROOT\depot\Lab01_n\palrt\inc -Di386 -D_X86_  -DSTD_CALL -DCONDITION_HANDLING=1 -DNT_UP=1  -DNT_INST=0 -DWIN32=100 -D_NT1X_=100 -DWINNT=1 -D_WIN32_WINNT=0x0500 -DWINVER=0x0500 -D_WIN32_IE=0x0400    -DWIN32_LEAN_AND_MEAN=1 -DDEVL=1 -DFPO=0    -DNDEBUG -D_DLL=1 -D_MT=1 -DFEATURE_PAL -DPAL_PORTABLE_SEH -DGC_SMP -DFJITONLY -DNTMAKEENV -DNDEBUG /DPAL_IMPLEMENTATION=1 -DFX_VFT=VFT_DLL -DFX_VER_INTERNALNAME_STR=rotor_pal.dll -DOFFICIAL_BUILD=0 -DBETA=0 -DFX_VER_PRIVATEBUILD_STR=SPHINXLOGIC -DURTBLDENV_FRIENDLY=Free -DFX_BRANCH_SYNC_COUNTER_VALUE=0    /c /GS /Zp8 /Gy /W3 /WX /Gz   /Gm- /EHs-c-  /GR- /GF  -Z7 /O1 /Oy-    /WX /FID:\_NTROOT\depot\Lab01_n\clr\src\inc\WarningControl.h  .\verifythread.c
verifythread.c
cl -nologo -Ii386\ -I. -I.. -I. -ID:\_NTROOT\depot\Lab01_n\inc\version -IC:\PROGRA~2\MICROS~2\VC\PlatformSDK\include -IC:\PROGRA~2\MICROS~2\VC\Include -ID:\_NTROOT\depot\Lab01_n\not_present\OAK_INC_PATH -ID:\_NTROOT\depot\Lab01_n\pal\inc -ID:\_NTROOT\depot\Lab01_n\palrt\inc -Di386 -D_X86_  -DSTD_CALL -DCONDITION_HANDLING=1 -DNT_UP=1  -DNT_INST=0 -DWIN32=100 -D_NT1X_=100 -DWINNT=1 -D_WIN32_WINNT=0x0500 -DWINVER=0x0500 -D_WIN32_IE=0x0400    -DWIN32_LEAN_AND_MEAN=1 -DDEVL=1 -DFPO=0    -DNDEBUG -D_DLL=1 -D_MT=1 -DFEATURE_PAL -DPAL_PORTABLE_SEH -DGC_SMP -DFJITONLY -DNTMAKEENV -DNDEBUG /DPAL_IMPLEMENTATION=1 -DFX_VFT=VFT_DLL -DFX_VER_INTERNALNAME_STR=rotor_pal.dll -DOFFICIAL_BUILD=0 -DBETA=0 -DFX_VER_PRIVATEBUILD_STR=SPHINXLOGIC -DURTBLDENV_FRIENDLY=Free -DFX_BRANCH_SYNC_COUNTER_VALUE=0    /c /GS /Zp8 /Gy /W3 /WX /Gz   /Gm- /EHs-c-  /GR- /GF  -Z7 /O1 /Oy-    /WX /FID:\_NTROOT\depot\Lab01_n\clr\src\inc\WarningControl.h  .\cpp_exceptions.cpp
cpp_exceptions.cpp
	if not exist obj\rotor_x86 md obj\rotor_x86
cl -nologo -Ii386\ -I. -I.. -I. -ID:\_NTROOT\depot\Lab01_n\inc\version -IC:\PROGRA~2\MICROS~2\VC\PlatformSDK\include -IC:\PROGRA~2\MICROS~2\VC\Include -ID:\_NTROOT\depot\Lab01_n\not_present\OAK_INC_PATH -ID:\_NTROOT\depot\Lab01_n\pal\inc -ID:\_NTROOT\depot\Lab01_n\palrt\inc -Di386 -D_X86_  -DSTD_CALL -DCONDITION_HANDLING=1 -DNT_UP=1  -DNT_INST=0 -DWIN32=100 -D_NT1X_=100 -DWINNT=1 -D_WIN32_WINNT=0x0500 -DWINVER=0x0500 -D_WIN32_IE=0x0400    -DWIN32_LEAN_AND_MEAN=1 -DDEVL=1 -DFPO=0    -DNDEBUG -D_DLL=1 -D_MT=1 -DFEATURE_PAL -DPAL_PORTABLE_SEH -DGC_SMP -DFJITONLY -DNTMAKEENV -DNDEBUG /DPAL_IMPLEMENTATION=1 -DFX_VFT=VFT_DLL -DFX_VER_INTERNALNAME_STR=rotor_pal.dll -DOFFICIAL_BUILD=0 -DBETA=0 -DFX_VER_PRIVATEBUILD_STR=SPHINXLOGIC -DURTBLDENV_FRIENDLY=Free -DFX_BRANCH_SYNC_COUNTER_VALUE=0    /c /GS /Zp8 /Gy /W3 /WX /Gz   /Gm- /EHs-c-  /GR- /GF  -Z7 /O1 /Oy-    /WX /FID:\_NTROOT\depot\Lab01_n\clr\src\inc\WarningControl.h  .\win32pal.c
win32pal.c
cl -nologo -Ii386\ -I. -I.. -I. -ID:\_NTROOT\depot\Lab01_n\inc\version -IC:\PROGRA~2\MICROS~2\VC\PlatformSDK\include -IC:\PROGRA~2\MICROS~2\VC\Include -ID:\_NTROOT\depot\Lab01_n\not_present\OAK_INC_PATH -ID:\_NTROOT\depot\Lab01_n\pal\inc -ID:\_NTROOT\depot\Lab01_n\palrt\inc -Di386 -D_X86_  -DSTD_CALL -DCONDITION_HANDLING=1 -DNT_UP=1  -DNT_INST=0 -DWIN32=100 -D_NT1X_=100 -DWINNT=1 -D_WIN32_WINNT=0x0500 -DWINVER=0x0500 -D_WIN32_IE=0x0400    -DWIN32_LEAN_AND_MEAN=1 -DDEVL=1 -DFPO=0    -DNDEBUG -D_DLL=1 -D_MT=1 -DFEATURE_PAL -DPAL_PORTABLE_SEH -DGC_SMP -DFJITONLY -DNTMAKEENV -DNDEBUG /DPAL_IMPLEMENTATION=1 -DFX_VFT=VFT_DLL -DFX_VER_INTERNALNAME_STR=rotor_pal.dll -DOFFICIAL_BUILD=0 -DBETA=0 -DFX_VER_PRIVATEBUILD_STR=SPHINXLOGIC -DURTBLDENV_FRIENDLY=Free -DFX_BRANCH_SYNC_COUNTER_VALUE=0    /c /GS /Zp8 /Gy /W3 /WX /Gz   /Gm- /EHs-c-  /GR- /GF  -Z7 /O1 /Oy-    /WX /FID:\_NTROOT\depot\Lab01_n\clr\src\inc\WarningControl.h  .\rotor_pal.src /EP .\rotor_pal.src
rotor_pal.src
	lib -out:D:\_NTROOT\depot\Lab01_n\binaries.x86fre.rotor\sdk\pal\lib\fre\rotor_x86\rotor_pal.lib @C:\Users\JONATH~1\AppData\Local\Temp\nmE448.tmp
Microsoft (R) Library Manager Version 8.00.50727.762
Copyright (C) Microsoft Corporation.  All rights reserved.

-IGNORE:4001,4037,4039,4065,4070,4078,4087,4089,4198,4221 
-nodefaultlib 
-machine:i386 
-def:obj\rotor_x86\rotor_pal.def 
C:\PROGRA~2\MICROS~2\VC\lib\msvcrt.lib 
C:\PROGRA~2\MICROS~2\VC\PlatformSDK\lib\kernel32.lib 
C:\PROGRA~2\MICROS~2\VC\PlatformSDK\lib\ole32.lib 
C:\PROGRA~2\MICROS~2\VC\PlatformSDK\lib\ws2_32.lib 
C:\PROGRA~2\MICROS~2\VC\PlatformSDK\lib\user32.lib 
C:\PROGRA~2\MICROS~2\VC\PlatformSDK\lib\advapi32.lib 
obj\rotor_x86\rotor_pal.res 
obj\rotor_x86\exception.obj 
obj\rotor_x86\verifythread.obj 
obj\rotor_x86\cpp_exceptions.obj 
obj\rotor_x86\win32pal.obj 
C:\PROGRA~2\MICROS~2\VC\lib\msvcrt.lib 
   Creating library D:\_NTROOT\depot\Lab01_n\binaries.x86fre.rotor\sdk\pal\lib\fre\rotor_x86\rotor_pal.lib and object D:\_NTROOT\depot\Lab01_n\binaries.x86fre.rotor\sdk\pal\lib\fre\rotor_x86\rotor_pal.exp
	link -out:D:\_NTROOT\depot\Lab01_n\binaries.x86fre.rotor\sdk\pal\lib\fre\rotor_x86\rotor_pal.dll -machine:i386 @C:\Users\JONATH~1\AppData\Local\Temp\nmE515.tmp
Microsoft (R) Incremental Linker Version 8.00.50727.762
Copyright (C) Microsoft Corporation.  All rights reserved.

/SAFESEH:NO 
-STACK:0x180000,0x2000 
-MERGE:_PAGE=PAGE 
-MERGE:_TEXT=.text 
-SECTION:INIT,d 
-OPT:REF 
-OPT:ICF 
-INCREMENTAL:NO 
-FULLBUILD 
-FORCE:MULTIPLE 
/release 
-IGNORE:4001,4037,4039,4065,4070,4078,4087,4089,4198,4221 
-NODEFAULTLIB 
-debug 
-version:5.00 
-osversion:5.00 
-MERGE:.rdata=.text 
-dll 
-base:@D:\_NTROOT\depot\Lab01_n\env\rotor_x86\coffbase.txt,rotor_pal 
-subsystem:windows,4.00 
-entry:_DllMainCRTStartup@12 
D:\_NTROOT\depot\Lab01_n\binaries.x86fre.rotor\sdk\pal\lib\fre\rotor_x86\rotor_pal.exp 
obj\rotor_x86\rotor_pal.res 
obj\rotor_x86\exception.obj 
obj\rotor_x86\verifythread.obj 
obj\rotor_x86\cpp_exceptions.obj 
obj\rotor_x86\win32pal.obj 
C:\PROGRA~2\MICROS~2\VC\lib\msvcrt.lib 
C:\PROGRA~2\MICROS~2\VC\PlatformSDK\lib\kernel32.lib 
C:\PROGRA~2\MICROS~2\VC\PlatformSDK\lib\ole32.lib 
C:\PROGRA~2\MICROS~2\VC\PlatformSDK\lib\ws2_32.lib 
C:\PROGRA~2\MICROS~2\VC\PlatformSDK\lib\user32.lib 
C:\PROGRA~2\MICROS~2\VC\PlatformSDK\lib\advapi32.lib 
C:\PROGRA~2\MICROS~2\VC\lib\msvcrt.lib 
Copying D:\_NTROOT\depot\Lab01_n\binaries.x86fre.rotor\sdk\pal\lib\fre\rotor_x86\rotor_pal.dll to D:\_NTROOT\depot\Lab01_n\binaries.x86fre.rotor
        1 file(s) copied.
        1 file(s) copied.
Copying D:\_NTROOT\depot\Lab01_n\binaries.x86fre.rotor\sdk\pal\lib\fre\rotor_x86\rotor_pal.pdb to D:\_NTROOT\depot\Lab01_n\binaries.x86fre.rotor\Symbols\dll
        1 file(s) copied.
Copying D:\_NTROOT\depot\Lab01_n\binaries.x86fre.rotor\sdk\pal\lib\fre\rotor_x86\rotor_pal.lib to D:\_NTROOT\depot\Lab01_n\binaries.x86fre.rotor
        1 file(s) copied.
